<?xml version="1.0" encoding="UTF-8"?>
<!-- Generated by org.testng.reporters.JUnitReportReporter -->
<testsuite skipped="0" hostname="user-PC" name="TestNG.Script2" tests="4" failures="0" timestamp="18 Dec 2018 03:06:17 GMT" time="0.074" errors="0">
  <testcase name="script3" time="0.014" classname="TestNG.Script2"/>
  <testcase name="script4" time="0.006" classname="TestNG.Script2"/>
  <testcase name="script2" time="0.005" classname="TestNG.Script2"/>
  <testcase name="script1" time="0.049" classname="TestNG.Script2"/>
</testsuite> <!-- TestNG.Script2 -->
