<?xml version="1.0" encoding="UTF-8"?>
<!-- Generated by org.testng.reporters.JUnitReportReporter -->
<testsuite skipped="0" hostname="user-PC" name="TestNG.Annotations" tests="1" failures="0" timestamp="18 Dec 2018 02:36:19 GMT" time="0.006" errors="0">
  <testcase name="script1" time="0.006" classname="TestNG.Annotations"/>
</testsuite> <!-- TestNG.Annotations -->
